<?xml version="1.0" encoding="UTF-8"?>
<!-- Generated by org.testng.reporters.JUnitReportReporter -->
<testsuite hostname="DESKTOP-OSC7BHQ" failures="0" tests="1" name="TestCases.Calender" time="1.405" errors="0" timestamp="2025-08-30T08:10:58 IST" skipped="0">
  <testcase classname="TestCases.Calender" name="TC_Calender" time="1.405"/>
</testsuite> <!-- TestCases.Calender -->
