<?xml version="1.0" encoding="UTF-8"?>
<!-- Generated by org.testng.reporters.JUnitReportReporter -->
<testsuite hostname="DESKTOP-OSC7BHQ" failures="0" tests="1" name="TestCases.Popups" time="2.737" errors="0" timestamp="2025-09-07T14:46:08 IST" skipped="0">
  <testcase classname="TestCases.Popups" name="popuptest" time="2.737"/>
</testsuite> <!-- TestCases.Popups -->
