<?xml version="1.0" encoding="UTF-8"?>
<!-- Generated by org.testng.reporters.JUnitReportReporter -->
<testsuite hostname="DESKTOP-OSC7BHQ" failures="0" tests="1" name="TestCases.JavaExecutorWaitElement" time="12.227" errors="0" timestamp="2025-09-07T14:46:08 IST" skipped="0">
  <testcase classname="TestCases.JavaExecutorWaitElement" name="TestJavScriptDelay" time="12.227"/>
</testsuite> <!-- TestCases.JavaExecutorWaitElement -->
