<?xml version="1.0" encoding="UTF-8"?>
<!-- Generated by org.testng.reporters.JUnitReportReporter -->
<testsuite hostname="DESKTOP-OSC7BHQ" failures="0" tests="6" name="TestCases.HoverTest" time="23.486" errors="0" timestamp="2025-09-07T14:46:08 IST" skipped="0">
  <testcase classname="TestCases.HoverTest" name="dragdrop" time="2.823"/>
  <testcase classname="TestCases.HoverTest" name="iframetest" time="5.123"/>
  <testcase classname="TestCases.HoverTest" name="windowhandling" time="4.096"/>
  <testcase classname="TestCases.HoverTest" name="windowhandling2" time="4.768"/>
  <testcase classname="TestCases.HoverTest" name="Hovertesting" time="1.083"/>
  <testcase classname="TestCases.HoverTest" name="adstest" time="5.593"/>
</testsuite> <!-- TestCases.HoverTest -->
