<?xml version="1.0" encoding="UTF-8"?>
<!-- Generated by org.testng.reporters.JUnitReportReporter -->
<testsuite hostname="DESKTOP-OSC7BHQ" failures="0" tests="1" name="TestCases.Models" time="9.553" errors="0" timestamp="2025-09-09T10:47:22 IST" skipped="0">
  <testcase classname="TestCases.Models" name="TC_models" time="9.553"/>
</testsuite> <!-- TestCases.Models -->
