<?xml version="1.0" encoding="UTF-8"?>
<!-- Generated by org.testng.reporters.JUnitReportReporter -->
<testsuite hostname="DESKTOP-OSC7BHQ" failures="0" tests="6" name="TestCases.CombinedTests" time="22.553" errors="0" timestamp="2025-09-09T10:47:22 IST" skipped="0">
  <testcase classname="TestCases.CombinedTests" name="Hovertesting" time="0.942"/>
  <testcase classname="TestCases.CombinedTests" name="iframetest" time="3.484"/>
  <testcase classname="TestCases.CombinedTests" name="windowhandling2" time="4.003"/>
  <testcase classname="TestCases.CombinedTests" name="dragdrop" time="1.887"/>
  <testcase classname="TestCases.CombinedTests" name="adstest" time="5.836"/>
  <testcase classname="TestCases.CombinedTests" name="windowhandling" time="6.401"/>
</testsuite> <!-- TestCases.CombinedTests -->
